<?xml version="1.0" encoding="UTF-8" ?>
<testsuite tests="18" failures="0" name="co.mycompany.restaurante.server.access.RestauranteRepositoryImplJersey" time="18.484" errors="0" skipped="0">
  <properties>
[...]
</properties>
  <testcase classname="co.mycompany.restaurante.server.access.RestauranteRepositoryImplJersey" name="testGetComponenteExistente" time="4.105"/>
  <testcase classname="co.mycompany.restaurante.server.access.RestauranteRepositoryImplJersey" name="testGetPlato" time="2.642"/>
  <testcase classname="co.mycompany.restaurante.server.access.RestauranteRepositoryImplJersey" name="testAddPlatoNoExistente" time="0.377"/>
  <testcase classname="co.mycompany.restaurante.server.access.RestauranteRepositoryImplJersey" name="testFindUsuarioExistente" time="1.482"/>
  <testcase classname="co.mycompany.restaurante.server.access.RestauranteRepositoryImplJersey" name="testGetComponenteNoExistente" time="0.186"/>
  <testcase classname="co.mycompany.restaurante.server.access.RestauranteRepositoryImplJersey" name="testAddComponenteExistente" time="0.526"/>
  <testcase classname="co.mycompany.restaurante.server.access.RestauranteRepositoryImplJersey" name="testAddPlatoExistente" time="0.162"/>
  <testcase classname="co.mycompany.restaurante.server.access.RestauranteRepositoryImplJersey" name="testGetPedidos" time="0.322"/>
  <testcase classname="co.mycompany.restaurante.server.access.RestauranteRepositoryImplJersey" name="testUpdatePedido" time="0.345"/>
  <testcase classname="co.mycompany.restaurante.server.access.RestauranteRepositoryImplJersey" name="testAddMenuComponentes" time="4.148"/>
  <testcase classname="co.mycompany.restaurante.server.access.RestauranteRepositoryImplJersey" name="testGetMenuComponentes" time="1.232"/>
  <testcase classname="co.mycompany.restaurante.server.access.RestauranteRepositoryImplJersey" name="testAddRestauranteNoExistente" time="1.641"/>
  <testcase classname="co.mycompany.restaurante.server.access.RestauranteRepositoryImplJersey" name="testUpdatePlatoNoExistente" time="0.337"/>
  <testcase classname="co.mycompany.restaurante.server.access.RestauranteRepositoryImplJersey" name="testAddPedido" time="0.229"/>
  <testcase classname="co.mycompany.restaurante.server.access.RestauranteRepositoryImplJersey" name="testUpdatePlatoExistente" time="0.199"/>
  <testcase classname="co.mycompany.restaurante.server.access.RestauranteRepositoryImplJersey" name="testAddComponenteNoExistente" time="0.368"/>
  <testcase classname="co.mycompany.restaurante.server.access.RestauranteRepositoryImplJersey" name="testGetRestaurantesDeUnAdministrador" time="0.142"/>
  <testcase classname="co.mycompany.restaurante.server.access.RestauranteRepositoryImplJersey" name="testGetComponentes" time="0.041"/>
</testsuite>